2025-07-03T03:48:31.563637 - Monitor - Log file created
2025-07-03 03:48:34,165 - __main__ - INFO - Settings loaded successfully
2025-07-03 03:48:34,231 - __main__ - INFO - Paper trading: True
2025-07-03 03:48:34,784 - src.api.alchemy - INFO - Initializing Alchemy client with URL: https://solana-mainnet.g.alchemy.com/v2/Y0oIiCzHLttRIv9YRleVRtXbHK9z5LW8
2025-07-03 03:48:37,006 - __main__ - INFO - Testing API connections...
2025-07-03 03:48:37,929 - src.trading.alert - INFO - threshold_breach: portfolio_value threshold breached
2025-07-03 03:48:38,091 - src.trading.market_analyzer - ERROR - Insufficient price data
2025-07-03 03:48:38,092 - src.trading.alert - INFO - paper_trading_start: Paper trading started
2025-07-03 03:48:38,229 - src.trading.alert - INFO - regime_change: Market regime changed to uncertain
2025-07-03 03:48:39,759 - src.trading.strategy - ERROR - Error scanning opportunities: 'dict' object has no attribute 'address'
2025-07-03 03:49:37,934 - src.trading.alert - INFO - threshold_breach: portfolio_value threshold breached
2025-07-03 03:49:40,108 - src.trading.alert - INFO - regime_change: Market regime changed to uncertain
2025-07-03 03:50:37,958 - src.trading.alert - INFO - threshold_breach: portfolio_value threshold breached
2025-07-03 03:50:44,414 - src.trading.alert - INFO - regime_change: Market regime changed to uncertain
2025-07-03 03:50:47,210 - src.trading.strategy - ERROR - Error scanning opportunities: 'dict' object has no attribute 'address'
2025-07-03 03:51:37,962 - src.trading.alert - INFO - threshold_breach: portfolio_value threshold breached
2025-07-03 03:51:47,544 - src.trading.alert - INFO - regime_change: Market regime changed to uncertain
2025-07-03 03:52:37,978 - src.trading.alert - INFO - threshold_breach: portfolio_value threshold breached
2025-07-03 03:52:51,854 - src.trading.alert - INFO - regime_change: Market regime changed to uncertain
2025-07-03 03:53:37,974 - src.trading.alert - INFO - threshold_breach: portfolio_value threshold breached
2025-07-03 03:53:56,074 - src.trading.alert - INFO - regime_change: Market regime changed to uncertain
2025-07-03 03:54:37,984 - src.trading.alert - INFO - threshold_breach: portfolio_value threshold breached
2025-07-03 03:55:00,250 - src.trading.alert - INFO - regime_change: Market regime changed to uncertain
2025-07-03 03:55:03,085 - src.trading.strategy - ERROR - Error scanning opportunities: 'dict' object has no attribute 'address'
2025-07-03 03:55:38,034 - src.trading.alert - INFO - threshold_breach: portfolio_value threshold breached
2025-07-03 03:56:03,486 - src.trading.alert - INFO - regime_change: Market regime changed to uncertain
2025-07-03 03:56:38,042 - src.trading.alert - INFO - threshold_breach: portfolio_value threshold breached
2025-07-03 03:57:07,894 - src.trading.alert - INFO - regime_change: Market regime changed to uncertain
2025-07-03 03:57:09,417 - src.trading.strategy - ERROR - Error scanning opportunities: 'dict' object has no attribute 'address'
2025-07-03 03:57:38,042 - src.trading.alert - INFO - threshold_breach: portfolio_value threshold breached
2025-07-03 03:58:09,720 - src.trading.alert - INFO - regime_change: Market regime changed to uncertain
2025-07-03 03:58:38,040 - src.trading.alert - INFO - threshold_breach: portfolio_value threshold breached
2025-07-03 03:59:13,723 - src.trading.alert - INFO - regime_change: Market regime changed to uncertain
2025-07-03 03:59:38,071 - src.trading.alert - INFO - threshold_breach: portfolio_value threshold breached
2025-07-03 04:00:17,841 - src.trading.alert - INFO - regime_change: Market regime changed to uncertain
2025-07-03 04:00:38,072 - src.trading.alert - INFO - threshold_breach: portfolio_value threshold breached
2025-07-03 04:01:22,399 - src.trading.alert - INFO - regime_change: Market regime changed to uncertain
2025-07-03 04:01:38,096 - src.trading.alert - INFO - threshold_breach: portfolio_value threshold breached
2025-07-03 04:02:26,581 - src.trading.alert - INFO - regime_change: Market regime changed to uncertain
2025-07-03 04:02:28,142 - src.trading.strategy - ERROR - Error scanning opportunities: 'dict' object has no attribute 'address'
2025-07-03 04:02:38,101 - src.trading.alert - INFO - threshold_breach: portfolio_value threshold breached
2025-07-03 04:02:41,305 - src.trading.strategy - ERROR - Error getting metrics: object dict can't be used in 'await' expression
2025-07-03 04:02:41,306 - src.trading.alert - INFO - paper_trading_stop: Paper trading stopped
2025-07-03 04:02:41,950 - asyncio - ERROR - Unclosed client session
client_session: <aiohttp.client.ClientSession object at 0x000001A6A6654AA0>
2025-07-03 04:02:41,952 - asyncio - ERROR - Unclosed connector
connections: ['deque([(<aiohttp.client_proto.ResponseHandler object at 0x000001A6A6D89F70>, 567235.765)])']
connector: <aiohttp.connector.TCPConnector object at 0x000001A6A6776000>
2025-07-03 04:02:41,953 - asyncio - ERROR - Unclosed client session
client_session: <aiohttp.client.ClientSession object at 0x000001A6A6C9AB70>
2025-07-03 04:03:24,087 - __main__ - INFO - Settings loaded successfully
2025-07-03 04:03:24,088 - __main__ - INFO - Paper trading: True
2025-07-03 04:03:24,124 - src.api.alchemy - INFO - Initializing Alchemy client with URL: https://solana-mainnet.g.alchemy.com/v2/Y0oIiCzHLttRIv9YRleVRtXbHK9z5LW8
2025-07-03 04:03:26,256 - __main__ - INFO - Testing API connections...
2025-07-03 04:03:27,520 - src.trading.alert - INFO - threshold_breach: portfolio_value threshold breached
2025-07-03 04:03:27,699 - src.trading.market_analyzer - ERROR - Insufficient price data
2025-07-03 04:03:27,699 - src.trading.alert - INFO - paper_trading_start: Paper trading started
2025-07-03 04:03:27,808 - src.trading.alert - INFO - regime_change: Market regime changed to uncertain
2025-07-03 04:03:29,351 - src.trading.signals - ERROR - Error analyzing token: argument of type 'TokenObject' is not iterable
2025-07-03 04:04:27,538 - src.trading.alert - INFO - threshold_breach: portfolio_value threshold breached
2025-07-03 04:04:29,896 - src.trading.alert - INFO - regime_change: Market regime changed to uncertain
2025-07-03 04:05:27,556 - src.trading.alert - INFO - threshold_breach: portfolio_value threshold breached
2025-07-03 04:05:34,357 - src.trading.alert - INFO - regime_change: Market regime changed to uncertain
2025-07-03 04:05:35,929 - src.trading.signals - ERROR - Error analyzing token: argument of type 'TokenObject' is not iterable
2025-07-03 04:06:27,569 - src.trading.alert - INFO - threshold_breach: portfolio_value threshold breached
2025-07-03 04:06:36,342 - src.trading.alert - INFO - regime_change: Market regime changed to uncertain
2025-07-03 04:07:27,609 - src.trading.alert - INFO - threshold_breach: portfolio_value threshold breached
2025-07-03 04:07:40,492 - src.trading.alert - INFO - regime_change: Market regime changed to uncertain
2025-07-03 04:07:44,808 - src.trading.strategy - ERROR - Error getting metrics: object dict can't be used in 'await' expression
2025-07-03 04:07:44,808 - src.trading.alert - INFO - paper_trading_stop: Paper trading stopped
2025-07-03 04:07:46,958 - asyncio - ERROR - Unclosed client session
client_session: <aiohttp.client.ClientSession object at 0x0000019592F69970>
2025-07-03 04:07:46,958 - asyncio - ERROR - Unclosed connector
connections: ['deque([(<aiohttp.client_proto.ResponseHandler object at 0x000001959340EA50>, 567550.984)])']
connector: <aiohttp.connector.TCPConnector object at 0x0000019592F68500>
2025-07-03 04:07:46,958 - asyncio - ERROR - Unclosed client session
client_session: <aiohttp.client.ClientSession object at 0x000001959174A150>
2025-07-03 04:24:18,951 - main - INFO - Settings loaded successfully
2025-07-03 04:24:18,951 - main - INFO - Paper trading: True
2025-07-03 10:33:19,227 - __main__ - INFO - Settings loaded successfully
2025-07-03 10:33:19,227 - __main__ - INFO - Paper trading: True
2025-07-03 10:33:19,260 - src.api.alchemy - INFO - Initializing Alchemy client with URL: https://solana-mainnet.g.alchemy.com/v2/Y0oIiCzHLttRIv9YRleVRtXbHK9z5LW8
2025-07-03 10:33:20,557 - __main__ - INFO - Testing API connections...
2025-07-03 10:33:22,132 - src.trading.alert - INFO - threshold_breach: portfolio_value threshold breached
2025-07-03 10:33:22,746 - src.trading.alert - INFO - regime_change: Market regime changed to uncertain
2025-07-03 10:33:22,982 - src.trading.market_analyzer - WARNING - Insufficient volume data for So11111111111111111111111111111111111111112: 0 points
2025-07-03 10:33:22,982 - src.trading.alert - INFO - market_update: Market regime: volatile
2025-07-03 10:33:22,982 - src.trading.alert - INFO - paper_trading_start: Paper trading started
2025-07-03 10:34:22,288 - src.trading.alert - INFO - threshold_breach: portfolio_value threshold breached
2025-07-03 10:34:26,502 - src.trading.alert - INFO - regime_change: Market regime changed to uncertain
2025-07-03 10:35:22,292 - src.trading.alert - INFO - threshold_breach: portfolio_value threshold breached
2025-07-03 10:35:29,422 - src.trading.alert - INFO - regime_change: Market regime changed to uncertain
2025-07-03 10:36:22,308 - src.trading.alert - INFO - threshold_breach: portfolio_value threshold breached
2025-07-03 10:36:35,091 - src.trading.alert - INFO - regime_change: Market regime changed to uncertain
2025-07-03 10:37:22,316 - src.trading.alert - INFO - threshold_breach: portfolio_value threshold breached
2025-07-03 10:37:42,854 - src.trading.alert - INFO - regime_change: Market regime changed to uncertain
2025-07-03 10:38:22,325 - src.trading.alert - INFO - threshold_breach: portfolio_value threshold breached
2025-07-03 10:38:50,083 - src.trading.alert - INFO - regime_change: Market regime changed to uncertain
2025-07-03 10:39:22,339 - src.trading.alert - INFO - threshold_breach: portfolio_value threshold breached
2025-07-03 10:39:56,485 - src.trading.alert - INFO - regime_change: Market regime changed to uncertain
2025-07-03 10:40:22,337 - src.trading.alert - INFO - threshold_breach: portfolio_value threshold breached
2025-07-03 10:41:02,239 - src.trading.alert - INFO - regime_change: Market regime changed to uncertain
2025-07-03 10:41:20,092 - src.trading.alert - INFO - paper_trading_stop: Paper trading stopped
2025-07-03 10:46:43,126 - __main__ - INFO - Settings loaded successfully
2025-07-03 10:46:43,126 - __main__ - INFO - Paper trading: True
2025-07-03 10:46:43,275 - src.api.alchemy - INFO - Initializing Alchemy client with URL: https://solana-mainnet.g.alchemy.com/v2/Y0oIiCzHLttRIv9YRleVRtXbHK9z5LW8
2025-07-03 10:46:44,916 - __main__ - INFO - Testing API connections...
2025-07-03 10:46:47,103 - src.trading.alert - INFO - threshold_breach: portfolio_value threshold breached
2025-07-03 10:46:47,581 - src.trading.market_analyzer - WARNING - Insufficient volume data for So11111111111111111111111111111111111111112: 0 points
2025-07-03 10:46:47,582 - src.trading.alert - INFO - market_update: Market regime: volatile
2025-07-03 10:46:47,582 - src.trading.alert - INFO - paper_trading_start: Paper trading started
2025-07-03 10:46:47,773 - src.trading.alert - INFO - regime_change: Market regime changed to uncertain
2025-07-03 10:46:47,774 - src.trading.strategy - INFO - [SCAN] Starting opportunity scan...
2025-07-03 10:46:47,774 - src.simple_token_scanner - INFO - [SCAN] Scanning for new listings (simplified)
2025-07-03 10:46:47,779 - src.simple_token_scanner - INFO - [SCAN] Scan #1 - Checking 3 tokens
2025-07-03 10:46:49,507 - src.simple_token_scanner - INFO - [DATA] Token EPjFWdd5... price: 6.409857 SOL
2025-07-03 10:46:50,789 - src.simple_token_scanner - INFO - [DATA] Token Es9vMFrz... price: 6.410544 SOL
2025-07-03 10:46:51,792 - src.simple_token_scanner - INFO - [OK] Scan complete - no signals found
2025-07-03 10:46:51,794 - src.trading.strategy - INFO - [DATA] Scanner returned 0 tokens
2025-07-03 10:46:51,797 - src.trading.strategy - INFO - [OK] Opportunity scan completed
2025-07-03 10:47:47,127 - src.trading.alert - INFO - threshold_breach: portfolio_value threshold breached
2025-07-03 10:47:52,790 - src.trading.alert - INFO - regime_change: Market regime changed to uncertain
2025-07-03 10:47:52,791 - src.trading.strategy - INFO - [SCAN] Starting opportunity scan...
2025-07-03 10:47:52,792 - src.simple_token_scanner - INFO - [SCAN] Scanning for new listings (simplified)
2025-07-03 10:47:52,793 - src.simple_token_scanner - INFO - [SCAN] Scan #2 - Checking 3 tokens
2025-07-03 10:47:55,522 - src.simple_token_scanner - INFO - [DATA] Token EPjFWdd5... price: 6.410200 SOL
2025-07-03 10:47:56,696 - src.simple_token_scanner - INFO - [DATA] Token Es9vMFrz... price: 6.411981 SOL
2025-07-03 10:47:56,697 - src.simple_token_scanner - INFO - [UP] High momentum detected: 89.6
2025-07-03 10:47:56,698 - src.simple_token_scanner - INFO - [SIGNAL] Simple momentum signal for Es9vMFrz...
2025-07-03 10:47:56,698 - src.simple_token_scanner - INFO - [DATA] Found potential opportunity: Es9vMFrz...
2025-07-03 10:47:56,700 - src.trading.strategy - INFO - [DATA] Scanner returned 1 tokens
2025-07-03 10:47:56,700 - src.trading.strategy - INFO - [TARGET] Processing dict token: Es9vMFrz...
2025-07-03 10:47:56,701 - src.trading.strategy - INFO - [OK] Token Es9vMFrz... passed validation - analyzing signal...
2025-07-03 10:47:56,702 - src.trading.strategy - INFO - [SIGNAL] Strong signal found for Es9vMFrz... - calculating risk...
2025-07-03 10:47:56,703 - src.trading.strategy - INFO - [ERROR] Invalid position size for Es9vMFrz...: 0
2025-07-03 10:47:56,704 - src.trading.strategy - INFO - [OK] Opportunity scan completed
2025-07-03 10:48:47,139 - src.trading.alert - INFO - threshold_breach: portfolio_value threshold breached
2025-07-03 10:48:57,696 - src.trading.alert - INFO - regime_change: Market regime changed to uncertain
2025-07-03 10:48:57,696 - src.trading.strategy - INFO - [SCAN] Starting opportunity scan...
2025-07-03 10:48:57,696 - src.simple_token_scanner - INFO - [SCAN] Scanning for new listings (simplified)
2025-07-03 10:48:57,696 - src.simple_token_scanner - INFO - [SCAN] Scan #3 - Checking 3 tokens
2025-07-03 10:48:59,258 - src.simple_token_scanner - INFO - [DATA] Token EPjFWdd5... price: 6.431062 SOL
2025-07-03 10:49:00,641 - src.simple_token_scanner - INFO - [DATA] Token Es9vMFrz... price: 6.431128 SOL
2025-07-03 10:49:01,649 - src.simple_token_scanner - INFO - [OK] Scan complete - no signals found
2025-07-03 10:49:01,651 - src.trading.strategy - INFO - [DATA] Scanner returned 0 tokens
2025-07-03 10:49:01,652 - src.trading.strategy - INFO - [OK] Opportunity scan completed
2025-07-03 10:49:47,156 - src.trading.alert - INFO - threshold_breach: portfolio_value threshold breached
2025-07-03 10:50:02,439 - src.trading.alert - INFO - regime_change: Market regime changed to uncertain
2025-07-03 10:50:02,440 - src.trading.strategy - INFO - [SCAN] Starting opportunity scan...
2025-07-03 10:50:02,440 - src.simple_token_scanner - INFO - [SCAN] Scanning for new listings (simplified)
2025-07-03 10:50:02,443 - src.simple_token_scanner - INFO - [SCAN] Scan #4 - Checking 3 tokens
2025-07-03 10:50:04,169 - src.simple_token_scanner - INFO - [DATA] Token EPjFWdd5... price: 6.429861 SOL
2025-07-03 10:50:05,504 - src.simple_token_scanner - INFO - [DATA] Token Es9vMFrz... price: 6.432927 SOL
2025-07-03 10:50:06,521 - src.simple_token_scanner - INFO - [OK] Scan complete - no signals found
2025-07-03 10:50:06,522 - src.trading.strategy - INFO - [DATA] Scanner returned 0 tokens
2025-07-03 10:50:06,522 - src.trading.strategy - INFO - [OK] Opportunity scan completed
2025-07-03 10:50:47,183 - src.trading.alert - INFO - threshold_breach: portfolio_value threshold breached
2025-07-03 10:51:07,395 - src.trading.alert - INFO - regime_change: Market regime changed to uncertain
2025-07-03 10:51:07,397 - src.trading.strategy - INFO - [SCAN] Starting opportunity scan...
2025-07-03 10:51:07,397 - src.simple_token_scanner - INFO - [SCAN] Scanning for new listings (simplified)
2025-07-03 10:51:07,397 - src.simple_token_scanner - INFO - [SCAN] Scan #5 - Checking 3 tokens
2025-07-03 10:51:08,987 - src.simple_token_scanner - INFO - [DATA] Token EPjFWdd5... price: 6.423946 SOL
2025-07-03 10:51:10,244 - src.simple_token_scanner - INFO - [DATA] Token Es9vMFrz... price: 6.425946 SOL
2025-07-03 10:51:11,248 - src.simple_token_scanner - INFO - [OK] Scan complete - no signals found
2025-07-03 10:51:11,248 - src.trading.strategy - INFO - [DATA] Scanner returned 0 tokens
2025-07-03 10:51:11,248 - src.trading.strategy - INFO - [OK] Opportunity scan completed
2025-07-03 10:51:47,182 - src.trading.alert - INFO - threshold_breach: portfolio_value threshold breached
2025-07-03 10:52:11,655 - src.trading.alert - INFO - regime_change: Market regime changed to uncertain
2025-07-03 10:52:11,656 - src.trading.strategy - INFO - [SCAN] Starting opportunity scan...
2025-07-03 10:52:11,656 - src.simple_token_scanner - INFO - [SCAN] Scanning for new listings (simplified)
2025-07-03 10:52:11,656 - src.simple_token_scanner - INFO - [SCAN] Scan #6 - Checking 3 tokens
2025-07-03 10:52:13,398 - src.simple_token_scanner - INFO - [DATA] Token EPjFWdd5... price: 6.411820 SOL
2025-07-03 10:52:14,728 - src.simple_token_scanner - INFO - [DATA] Token Es9vMFrz... price: 6.414387 SOL
2025-07-03 10:52:14,730 - src.simple_token_scanner - INFO - [UP] High momentum detected: 90.9
2025-07-03 10:52:14,731 - src.simple_token_scanner - INFO - [SIGNAL] Simple momentum signal for Es9vMFrz...
2025-07-03 10:52:14,731 - src.simple_token_scanner - INFO - [DATA] Found potential opportunity: Es9vMFrz...
2025-07-03 10:52:14,732 - src.trading.strategy - INFO - [DATA] Scanner returned 1 tokens
2025-07-03 10:52:14,732 - src.trading.strategy - INFO - [TARGET] Processing dict token: Es9vMFrz...
2025-07-03 10:52:14,732 - src.trading.strategy - INFO - [OK] Token Es9vMFrz... passed validation - analyzing signal...
2025-07-03 10:52:14,732 - src.trading.strategy - INFO - [SIGNAL] Strong signal found for Es9vMFrz... - calculating risk...
2025-07-03 10:52:14,732 - src.trading.strategy - INFO - [ERROR] Invalid position size for Es9vMFrz...: 0
2025-07-03 10:52:14,732 - src.trading.strategy - INFO - [OK] Opportunity scan completed
2025-07-03 10:52:47,192 - src.trading.alert - INFO - threshold_breach: portfolio_value threshold breached
2025-07-03 10:53:05,971 - src.trading.alert - INFO - paper_trading_stop: Paper trading stopped
2025-07-03 10:57:55,759 - main - INFO - Settings loaded successfully
2025-07-03 10:57:55,761 - main - INFO - Paper trading: True
2025-07-03 11:36:13,512 - __main__ - INFO - Settings loaded successfully
2025-07-03 11:36:13,512 - __main__ - INFO - Paper trading: True
2025-07-03 11:36:13,512 - __main__ - INFO - [INIT] Initializing SolTrader APE Bot...
2025-07-03 11:36:13,512 - src.api.alchemy - INFO - Initializing Alchemy client with URL: https://solana-mainnet.g.alchemy.com/v2/Y0oIiCzHLttRIv9YRleVRtXbHK9z5LW8
2025-07-03 11:36:14,772 - __main__ - INFO - [OK] Bot components initialized
2025-07-03 11:36:14,772 - __main__ - INFO - [START] Starting SolTrader APE Bot...
2025-07-03 11:36:14,772 - __main__ - INFO - [SETUP] Starting bot initialization...
2025-07-03 11:36:14,772 - __main__ - INFO - Testing API connections...
2025-07-03 11:36:15,749 - __main__ - INFO - [OK] Alchemy connection successful
2025-07-03 11:36:16,121 - src.api.jupiter - INFO - [OK] Jupiter API connection successful
2025-07-03 11:36:16,121 - __main__ - INFO - [OK] Jupiter connection successful
2025-07-03 11:36:16,121 - __main__ - INFO - [WALLET] Paper trading wallet validated
2025-07-03 11:36:16,121 - __main__ - INFO - [OK] Wallet connected
2025-07-03 11:36:16,137 - __main__ - INFO - [MODE] Bot initialized in Paper trading mode
2025-07-03 11:36:16,137 - __main__ - INFO - [BALANCE] Initial balance: 100.0 SOL (paper)
2025-07-03 11:36:16,137 - __main__ - INFO - [READY] Bot startup complete - starting trading strategy...
2025-07-03 11:36:16,138 - src.trading.alert - INFO - threshold_breach: portfolio_value threshold breached
2025-07-03 11:36:16,697 - src.trading.market_analyzer - WARNING - Insufficient volume data for So11111111111111111111111111111111111111112: 0 points
2025-07-03 11:36:16,701 - src.trading.alert - INFO - market_update: Market regime: volatile
2025-07-03 11:36:16,701 - src.trading.alert - INFO - paper_trading_start: Paper trading started
2025-07-03 11:36:16,701 - __main__ - INFO - [LOOP] Entering main event loop...
2025-07-03 11:36:16,815 - src.trading.alert - INFO - regime_change: Market regime changed to uncertain
2025-07-03 11:36:16,816 - src.trading.strategy - INFO - [SCAN] Starting opportunity scan...
2025-07-03 11:36:16,816 - src.simple_token_scanner - INFO - [SCAN] Scanning for new listings (simplified)
2025-07-03 11:36:16,817 - src.simple_token_scanner - INFO - [SCAN] Scan #1 - Checking 6 tokens
2025-07-03 11:36:18,438 - src.simple_token_scanner - INFO - [DATA] Token DezXAZ8z... price: 0.001091 SOL
2025-07-03 11:36:19,678 - src.simple_token_scanner - INFO - [DATA] Token 7dHbWXmc... price: 1.212083 SOL
2025-07-03 11:36:19,680 - src.simple_token_scanner - INFO - [UP] High momentum detected: 92.8
2025-07-03 11:36:19,680 - src.simple_token_scanner - INFO - [SIGNAL] Simple momentum signal for 7dHbWXmc...
2025-07-03 11:36:19,681 - src.simple_token_scanner - INFO - [DATA] Found potential opportunity: 7dHbWXmc...
2025-07-03 11:36:19,681 - src.trading.strategy - INFO - [DATA] Scanner returned 1 tokens
2025-07-03 11:36:19,682 - src.trading.strategy - INFO - [TARGET] Processing dict token: 7dHbWXmc...
2025-07-03 11:36:19,682 - src.trading.strategy - INFO - [OK] Token 7dHbWXmc... passed validation - analyzing signal...
2025-07-03 11:36:19,683 - src.trading.strategy - INFO - [SIGNAL] Strong signal found for 7dHbWXmc... - calculating risk...
2025-07-03 11:36:19,684 - src.trading.strategy - INFO - [ERROR] Invalid position size for 7dHbWXmc...: 0
2025-07-03 11:36:19,684 - src.trading.strategy - INFO - [OK] Opportunity scan completed
2025-07-03 11:37:16,142 - src.trading.alert - INFO - threshold_breach: portfolio_value threshold breached
2025-07-03 11:37:20,444 - src.trading.alert - INFO - regime_change: Market regime changed to uncertain
2025-07-03 11:37:20,445 - src.trading.strategy - INFO - [SCAN] Starting opportunity scan...
2025-07-03 11:37:20,445 - src.simple_token_scanner - INFO - [SCAN] Scanning for new listings (simplified)
2025-07-03 11:37:20,446 - src.simple_token_scanner - INFO - [SCAN] Scan #2 - Checking 6 tokens
2025-07-03 11:37:22,117 - src.simple_token_scanner - INFO - [DATA] Token DezXAZ8z... price: 0.001091 SOL
2025-07-03 11:37:23,344 - src.simple_token_scanner - INFO - [DATA] Token 7dHbWXmc... price: 1.212083 SOL
2025-07-03 11:37:23,345 - src.simple_token_scanner - INFO - [UP] High momentum detected: 91.6
2025-07-03 11:37:23,346 - src.simple_token_scanner - INFO - [SIGNAL] Simple momentum signal for 7dHbWXmc...
2025-07-03 11:37:23,346 - src.simple_token_scanner - INFO - [DATA] Found potential opportunity: 7dHbWXmc...
2025-07-03 11:37:23,347 - src.trading.strategy - INFO - [DATA] Scanner returned 1 tokens
2025-07-03 11:37:23,348 - src.trading.strategy - INFO - [TARGET] Processing dict token: 7dHbWXmc...
2025-07-03 11:37:23,348 - src.trading.strategy - INFO - [OK] Token 7dHbWXmc... passed validation - analyzing signal...
2025-07-03 11:37:23,349 - src.trading.strategy - INFO - [SIGNAL] Strong signal found for 7dHbWXmc... - calculating risk...
2025-07-03 11:37:23,350 - src.trading.strategy - INFO - [ERROR] Invalid position size for 7dHbWXmc...: 0
2025-07-03 11:37:23,351 - src.trading.strategy - INFO - [OK] Opportunity scan completed
2025-07-03 11:38:16,138 - src.trading.alert - INFO - threshold_breach: portfolio_value threshold breached
2025-07-03 11:38:24,699 - src.trading.alert - INFO - regime_change: Market regime changed to uncertain
2025-07-03 11:38:24,700 - src.trading.strategy - INFO - [SCAN] Starting opportunity scan...
2025-07-03 11:38:24,700 - src.simple_token_scanner - INFO - [SCAN] Scanning for new listings (simplified)
2025-07-03 11:38:24,701 - src.simple_token_scanner - INFO - [SCAN] Scan #3 - Checking 6 tokens
2025-07-03 11:38:26,327 - src.simple_token_scanner - INFO - [DATA] Token DezXAZ8z... price: 0.001091 SOL
2025-07-03 11:38:27,672 - src.simple_token_scanner - INFO - [DATA] Token 7dHbWXmc... price: 1.212082 SOL
2025-07-03 11:38:29,226 - src.simple_token_scanner - INFO - [DATA] Token EPjFWdd5... price: 6.454309 SOL
2025-07-03 11:38:29,227 - src.simple_token_scanner - INFO - [UP] High momentum detected: 90.4
2025-07-03 11:38:29,227 - src.simple_token_scanner - INFO - [SIGNAL] Simple momentum signal for EPjFWdd5...
2025-07-03 11:38:29,228 - src.simple_token_scanner - INFO - [DATA] Found potential opportunity: EPjFWdd5...
2025-07-03 11:38:29,228 - src.trading.strategy - INFO - [DATA] Scanner returned 1 tokens
2025-07-03 11:38:29,229 - src.trading.strategy - INFO - [TARGET] Processing dict token: EPjFWdd5...
2025-07-03 11:38:29,229 - src.trading.strategy - INFO - [OK] Token EPjFWdd5... passed validation - analyzing signal...
2025-07-03 11:38:29,230 - src.trading.strategy - INFO - [SIGNAL] Strong signal found for EPjFWdd5... - calculating risk...
2025-07-03 11:38:29,231 - src.trading.strategy - INFO - [ERROR] Invalid position size for EPjFWdd5...: 0
2025-07-03 11:38:29,231 - src.trading.strategy - INFO - [OK] Opportunity scan completed
2025-07-03 11:38:38,560 - src.trading.alert - INFO - paper_trading_stop: Paper trading stopped
2025-07-03 11:58:48,160 - main - INFO - Settings loaded successfully
2025-07-03 11:58:48,160 - main - INFO - Paper trading: True
2025-07-03 12:16:52,168 - __main__ - INFO - Settings loaded successfully
2025-07-03 12:16:52,176 - __main__ - INFO - Paper trading: True
2025-07-03 12:16:52,180 - __main__ - INFO - [INIT] Initializing SolTrader APE Bot...
2025-07-03 12:16:52,180 - src.api.alchemy - INFO - Initializing Alchemy client with URL: https://solana-mainnet.g.alchemy.com/v2/Y0oIiCzHLttRIv9YRleVRtXbHK9z5LW8
2025-07-03 12:16:53,395 - __main__ - INFO - [OK] Bot components initialized
2025-07-03 12:16:53,395 - __main__ - INFO - [START] Starting SolTrader APE Bot...
2025-07-03 12:16:53,397 - __main__ - INFO - [SETUP] Starting bot initialization...
2025-07-03 12:16:53,397 - __main__ - INFO - Testing API connections...
2025-07-03 12:16:55,340 - __main__ - INFO - [OK] Alchemy connection successful
2025-07-03 12:16:56,563 - src.api.jupiter - INFO - [OK] Jupiter API connection successful
2025-07-03 12:16:56,565 - __main__ - INFO - [OK] Jupiter connection successful
2025-07-03 12:16:56,565 - __main__ - INFO - [WALLET] Paper trading wallet validated
2025-07-03 12:16:56,566 - __main__ - INFO - [OK] Wallet connected
2025-07-03 12:16:56,567 - __main__ - INFO - [MODE] Bot initialized in Paper trading mode
2025-07-03 12:16:56,568 - __main__ - INFO - [BALANCE] Initial balance: 100.0 SOL (paper)
2025-07-03 12:16:56,569 - __main__ - INFO - [READY] Bot startup complete - starting trading strategy...
2025-07-03 12:16:56,571 - src.trading.alert - INFO - threshold_breach: portfolio_value threshold breached
2025-07-03 12:16:57,382 - src.trading.market_analyzer - WARNING - Insufficient volume data for So11111111111111111111111111111111111111112: 0 points
2025-07-03 12:16:57,393 - src.trading.alert - INFO - market_update: Market regime: volatile
2025-07-03 12:16:57,395 - src.trading.alert - INFO - paper_trading_start: Paper trading started
2025-07-03 12:16:57,396 - __main__ - INFO - [LOOP] Entering main event loop...
2025-07-03 12:16:57,512 - src.trading.alert - INFO - regime_change: Market regime changed to uncertain
2025-07-03 12:16:57,513 - src.trading.strategy - INFO - [SCAN] Starting opportunity scan...
2025-07-03 12:16:57,513 - src.simple_token_scanner - INFO - [SCAN] Scanning for new listings (simplified)
2025-07-03 12:16:57,514 - src.simple_token_scanner - INFO - [SCAN] Scan #1 - Checking 11 tokens
2025-07-03 12:16:59,021 - src.simple_token_scanner - INFO - [DATA] Token DezXAZ8z... price: 0.001084 SOL
2025-07-03 12:17:00,540 - src.simple_token_scanner - INFO - [DATA] Token 7dHbWXmc... price: 1.212076 SOL
2025-07-03 12:17:01,944 - src.simple_token_scanner - INFO - [DATA] Token EPjFWdd5... price: 6.465168 SOL
2025-07-03 12:17:03,378 - src.simple_token_scanner - INFO - [DATA] Token 9n4nbM75... price: 154.454149 SOL
2025-07-03 12:17:05,270 - src.simple_token_scanner - INFO - [DATA] Token 7vfCXTUX... price: 167.580252 SOL
2025-07-03 12:17:06,502 - src.simple_token_scanner - INFO - [DATA] Token EKpQGSJt... price: 5.991516 SOL
2025-07-03 12:17:07,872 - src.simple_token_scanner - INFO - [DATA] Token HeLp6NuQ... price: 0.001067 SOL
2025-07-03 12:17:09,197 - src.simple_token_scanner - INFO - [DATA] Token A8C3xuqs... price: 0.275209 SOL
2025-07-03 12:17:12,435 - src.simple_token_scanner - INFO - [DATA] Token 3NZ9JMVB... price: 7070.753620 SOL
2025-07-03 12:17:13,438 - src.simple_token_scanner - INFO - [OK] Scan complete - no signals found
2025-07-03 12:17:13,438 - src.trading.strategy - INFO - [DATA] Scanner returned 0 tokens
2025-07-03 12:17:13,439 - src.trading.strategy - INFO - [OK] Opportunity scan completed
2025-07-03 12:17:56,581 - src.trading.alert - INFO - threshold_breach: portfolio_value threshold breached
2025-07-03 12:18:13,874 - src.trading.alert - INFO - regime_change: Market regime changed to uncertain
2025-07-03 12:18:13,875 - src.trading.strategy - INFO - [SCAN] Starting opportunity scan...
2025-07-03 12:18:13,876 - src.simple_token_scanner - INFO - [SCAN] Scanning for new listings (simplified)
2025-07-03 12:18:13,877 - src.simple_token_scanner - INFO - [SCAN] Scan #2 - Checking 11 tokens
2025-07-03 12:18:15,411 - src.simple_token_scanner - INFO - [DATA] Token DezXAZ8z... price: 0.001084 SOL
2025-07-03 12:18:16,741 - src.simple_token_scanner - INFO - [DATA] Token 7dHbWXmc... price: 1.212073 SOL
2025-07-03 12:18:18,001 - src.simple_token_scanner - INFO - [DATA] Token EPjFWdd5... price: 6.464311 SOL
2025-07-03 12:18:18,002 - src.simple_token_scanner - INFO - [UP] High momentum detected: 86.8
2025-07-03 12:18:18,003 - src.simple_token_scanner - INFO - [SIGNAL] Simple momentum signal for EPjFWdd5...
2025-07-03 12:18:18,004 - src.simple_token_scanner - INFO - [DATA] Found potential opportunity: EPjFWdd5...
2025-07-03 12:18:18,005 - src.trading.strategy - INFO - [DATA] Scanner returned 1 tokens
2025-07-03 12:18:18,006 - src.trading.strategy - INFO - [TARGET] Processing dict token: EPjFWdd5...
2025-07-03 12:18:18,007 - src.trading.strategy - INFO - [OK] Token EPjFWdd5... passed validation - analyzing signal...
2025-07-03 12:18:18,008 - src.trading.strategy - INFO - [SIGNAL] Strong signal found for EPjFWdd5... - calculating risk...
2025-07-03 12:18:18,008 - src.trading.strategy - INFO - [ERROR] Invalid position size for EPjFWdd5...: 0
2025-07-03 12:18:18,010 - src.trading.strategy - INFO - [OK] Opportunity scan completed
2025-07-03 12:18:56,593 - src.trading.alert - INFO - threshold_breach: portfolio_value threshold breached
2025-07-03 12:19:18,885 - src.trading.alert - INFO - regime_change: Market regime changed to uncertain
2025-07-03 12:19:18,886 - src.trading.strategy - INFO - [SCAN] Starting opportunity scan...
2025-07-03 12:19:18,886 - src.simple_token_scanner - INFO - [SCAN] Scanning for new listings (simplified)
2025-07-03 12:19:18,886 - src.simple_token_scanner - INFO - [SCAN] Scan #3 - Checking 11 tokens
2025-07-03 12:19:21,028 - src.simple_token_scanner - INFO - [DATA] Token DezXAZ8z... price: 0.001083 SOL
2025-07-03 12:19:22,285 - src.simple_token_scanner - INFO - [DATA] Token 7dHbWXmc... price: 1.212068 SOL
2025-07-03 12:19:23,675 - src.simple_token_scanner - INFO - [DATA] Token EPjFWdd5... price: 6.456372 SOL
2025-07-03 12:19:25,113 - src.simple_token_scanner - INFO - [DATA] Token 9n4nbM75... price: 154.454105 SOL
2025-07-03 12:19:26,679 - src.simple_token_scanner - INFO - [DATA] Token 7vfCXTUX... price: 167.501437 SOL
2025-07-03 12:19:28,010 - src.simple_token_scanner - INFO - [DATA] Token EKpQGSJt... price: 5.997118 SOL
2025-07-03 12:19:29,232 - src.simple_token_scanner - INFO - [DATA] Token HeLp6NuQ... price: 0.001066 SOL
2025-07-03 12:19:30,467 - src.simple_token_scanner - INFO - [DATA] Token A8C3xuqs... price: 0.274645 SOL
2025-07-03 12:19:33,636 - src.simple_token_scanner - INFO - [DATA] Token 3NZ9JMVB... price: 7062.130233 SOL
2025-07-03 12:19:34,640 - src.simple_token_scanner - INFO - [OK] Scan complete - no signals found
2025-07-03 12:19:34,641 - src.trading.strategy - INFO - [DATA] Scanner returned 0 tokens
2025-07-03 12:19:34,642 - src.trading.strategy - INFO - [OK] Opportunity scan completed
2025-07-03 12:19:56,616 - src.trading.alert - INFO - threshold_breach: portfolio_value threshold breached
2025-07-03 12:20:35,184 - src.trading.alert - INFO - regime_change: Market regime changed to uncertain
2025-07-03 12:20:35,185 - src.trading.strategy - INFO - [SCAN] Starting opportunity scan...
2025-07-03 12:20:35,185 - src.simple_token_scanner - INFO - [SCAN] Scanning for new listings (simplified)
2025-07-03 12:20:35,186 - src.simple_token_scanner - INFO - [SCAN] Scan #4 - Checking 11 tokens
2025-07-03 12:20:36,863 - src.simple_token_scanner - INFO - [DATA] Token DezXAZ8z... price: 0.001082 SOL
2025-07-03 12:20:38,153 - src.simple_token_scanner - INFO - [DATA] Token 7dHbWXmc... price: 1.212068 SOL
2025-07-03 12:20:39,487 - src.simple_token_scanner - INFO - [DATA] Token EPjFWdd5... price: 6.456872 SOL
2025-07-03 12:20:41,022 - src.simple_token_scanner - INFO - [DATA] Token 9n4nbM75... price: 160.711921 SOL
2025-07-03 12:20:42,865 - src.simple_token_scanner - INFO - [DATA] Token 7vfCXTUX... price: 167.550823 SOL
2025-07-03 12:20:44,298 - src.simple_token_scanner - INFO - [DATA] Token EKpQGSJt... price: 5.997293 SOL
2025-07-03 12:20:45,917 - src.simple_token_scanner - INFO - [DATA] Token HeLp6NuQ... price: 0.001066 SOL
2025-07-03 12:20:45,919 - src.simple_token_scanner - INFO - [UP] High momentum detected: 98.3
2025-07-03 12:20:45,920 - src.simple_token_scanner - INFO - [SIGNAL] Simple momentum signal for HeLp6NuQ...
2025-07-03 12:20:45,920 - src.simple_token_scanner - INFO - [DATA] Found potential opportunity: HeLp6NuQ...
2025-07-03 12:20:45,922 - src.trading.strategy - INFO - [DATA] Scanner returned 1 tokens
2025-07-03 12:20:45,922 - src.trading.strategy - INFO - [TARGET] Processing dict token: HeLp6NuQ...
2025-07-03 12:20:45,937 - src.trading.strategy - INFO - [OK] Token HeLp6NuQ... passed validation - analyzing signal...
2025-07-03 12:20:45,937 - src.trading.strategy - INFO - [SIGNAL] Strong signal found for HeLp6NuQ... - calculating risk...
2025-07-03 12:20:45,938 - src.trading.strategy - INFO - [MONEY] Creating entry signal for HeLp6NuQ... size: 20.0
2025-07-03 12:20:45,939 - src.trading.strategy - INFO - [DATA] Added to pending orders: HeLp6NuQ...
2025-07-03 12:20:45,940 - src.trading.alert - INFO - new_opportunity: New trading opportunity detected for HeLp6NuQ...
2025-07-03 12:20:45,941 - src.trading.strategy - INFO - [DATA] Opportunity alert emitted for HeLp6NuQ...
2025-07-03 12:20:45,942 - src.trading.strategy - INFO - [OK] Successfully processed opportunity for HeLp6NuQ...
2025-07-03 12:20:45,942 - src.trading.strategy - INFO - [OK] Opportunity scan completed
2025-07-03 12:20:56,617 - src.trading.alert - INFO - threshold_breach: portfolio_value threshold breached
2025-07-03 12:21:46,912 - src.trading.alert - INFO - regime_change: Market regime changed to uncertain
2025-07-03 12:21:47,182 - src.trading.strategy - WARNING - Price deviation too high for HeLp6NuQkmYB4pYWo2zYs22mESHXPQYzXbB8n4V98jwC: 99.98%
2025-07-03 12:21:47,184 - src.trading.strategy - INFO - [SCAN] Starting opportunity scan...
2025-07-03 12:21:47,185 - src.simple_token_scanner - INFO - [SCAN] Scanning for new listings (simplified)
2025-07-03 12:21:47,185 - src.simple_token_scanner - INFO - [SCAN] Scan #5 - Checking 11 tokens
2025-07-03 12:21:48,707 - src.simple_token_scanner - INFO - [DATA] Token DezXAZ8z... price: 0.001082 SOL
2025-07-03 12:21:50,051 - src.simple_token_scanner - INFO - [DATA] Token 7dHbWXmc... price: 1.212068 SOL
2025-07-03 12:21:51,354 - src.simple_token_scanner - INFO - [DATA] Token EPjFWdd5... price: 6.455796 SOL
2025-07-03 12:21:52,669 - src.simple_token_scanner - INFO - [DATA] Token 9n4nbM75... price: 160.711921 SOL
2025-07-03 12:21:52,671 - src.simple_token_scanner - INFO - [UP] High momentum detected: 95.0
2025-07-03 12:21:52,672 - src.simple_token_scanner - INFO - [SIGNAL] Simple momentum signal for 9n4nbM75...
2025-07-03 12:21:52,673 - src.simple_token_scanner - INFO - [DATA] Found potential opportunity: 9n4nbM75...
2025-07-03 12:21:52,674 - src.trading.strategy - INFO - [DATA] Scanner returned 1 tokens
2025-07-03 12:21:52,674 - src.trading.strategy - INFO - [TARGET] Processing dict token: 9n4nbM75...
2025-07-03 12:21:52,675 - src.trading.strategy - INFO - [OK] Token 9n4nbM75... passed validation - analyzing signal...
2025-07-03 12:21:52,676 - src.trading.strategy - INFO - [SIGNAL] Strong signal found for 9n4nbM75... - calculating risk...
2025-07-03 12:21:52,677 - src.trading.strategy - INFO - [ERROR] Invalid position size for 9n4nbM75...: 0
2025-07-03 12:21:52,679 - src.trading.strategy - INFO - [OK] Opportunity scan completed
2025-07-03 12:21:56,627 - src.trading.alert - INFO - threshold_breach: portfolio_value threshold breached
2025-07-03 12:22:53,526 - src.trading.alert - INFO - regime_change: Market regime changed to uncertain
2025-07-03 12:22:53,528 - src.trading.strategy - INFO - [SCAN] Starting opportunity scan...
2025-07-03 12:22:53,528 - src.simple_token_scanner - INFO - [SCAN] Scanning for new listings (simplified)
2025-07-03 12:22:53,529 - src.simple_token_scanner - INFO - [SCAN] Scan #6 - Checking 11 tokens
2025-07-03 12:22:55,064 - src.simple_token_scanner - INFO - [DATA] Token DezXAZ8z... price: 0.001083 SOL
2025-07-03 12:22:56,290 - src.simple_token_scanner - INFO - [DATA] Token 7dHbWXmc... price: 1.212064 SOL
2025-07-03 12:22:56,292 - src.simple_token_scanner - INFO - [UP] High momentum detected: 82.1
2025-07-03 12:22:56,292 - src.simple_token_scanner - INFO - [SIGNAL] Simple momentum signal for 7dHbWXmc...
2025-07-03 12:22:56,293 - src.simple_token_scanner - INFO - [DATA] Found potential opportunity: 7dHbWXmc...
2025-07-03 12:22:56,294 - src.trading.strategy - INFO - [DATA] Scanner returned 1 tokens
2025-07-03 12:22:56,294 - src.trading.strategy - INFO - [TARGET] Processing dict token: 7dHbWXmc...
2025-07-03 12:22:56,295 - src.trading.strategy - INFO - [OK] Token 7dHbWXmc... passed validation - analyzing signal...
2025-07-03 12:22:56,296 - src.trading.strategy - INFO - [SIGNAL] Strong signal found for 7dHbWXmc... - calculating risk...
2025-07-03 12:22:56,297 - src.trading.strategy - INFO - [ERROR] Invalid position size for 7dHbWXmc...: 0
2025-07-03 12:22:56,298 - src.trading.strategy - INFO - [OK] Opportunity scan completed
2025-07-03 12:22:56,639 - src.trading.alert - INFO - threshold_breach: portfolio_value threshold breached
2025-07-03 12:23:56,649 - src.trading.alert - INFO - threshold_breach: portfolio_value threshold breached
2025-07-03 12:23:56,922 - src.trading.alert - INFO - regime_change: Market regime changed to uncertain
2025-07-03 12:23:56,923 - src.trading.strategy - INFO - [SCAN] Starting opportunity scan...
2025-07-03 12:23:56,924 - src.simple_token_scanner - INFO - [SCAN] Scanning for new listings (simplified)
2025-07-03 12:23:56,924 - src.simple_token_scanner - INFO - [SCAN] Scan #7 - Checking 11 tokens
2025-07-03 12:23:58,459 - src.simple_token_scanner - INFO - [DATA] Token DezXAZ8z... price: 0.001084 SOL
2025-07-03 12:23:59,676 - src.simple_token_scanner - INFO - [DATA] Token 7dHbWXmc... price: 1.212064 SOL
2025-07-03 12:23:59,677 - src.simple_token_scanner - INFO - [UP] High momentum detected: 81.8
2025-07-03 12:23:59,677 - src.simple_token_scanner - INFO - [SIGNAL] Simple momentum signal for 7dHbWXmc...
2025-07-03 12:23:59,678 - src.simple_token_scanner - INFO - [DATA] Found potential opportunity: 7dHbWXmc...
2025-07-03 12:23:59,679 - src.trading.strategy - INFO - [DATA] Scanner returned 1 tokens
2025-07-03 12:23:59,679 - src.trading.strategy - INFO - [TARGET] Processing dict token: 7dHbWXmc...
2025-07-03 12:23:59,681 - src.trading.strategy - INFO - [OK] Token 7dHbWXmc... passed validation - analyzing signal...
2025-07-03 12:23:59,682 - src.trading.strategy - INFO - [SIGNAL] Strong signal found for 7dHbWXmc... - calculating risk...
2025-07-03 12:23:59,682 - src.trading.strategy - INFO - [ERROR] Invalid position size for 7dHbWXmc...: 0
2025-07-03 12:23:59,683 - src.trading.strategy - INFO - [OK] Opportunity scan completed
2025-07-03 12:24:56,649 - src.trading.alert - INFO - threshold_breach: portfolio_value threshold breached
2025-07-03 12:25:00,707 - src.trading.alert - INFO - regime_change: Market regime changed to uncertain
2025-07-03 12:25:00,710 - src.trading.strategy - INFO - [SCAN] Starting opportunity scan...
2025-07-03 12:25:00,711 - src.simple_token_scanner - INFO - [SCAN] Scanning for new listings (simplified)
2025-07-03 12:25:00,712 - src.simple_token_scanner - INFO - [SCAN] Scan #8 - Checking 11 tokens
2025-07-03 12:25:02,380 - src.simple_token_scanner - INFO - [DATA] Token DezXAZ8z... price: 0.001083 SOL
2025-07-03 12:25:03,589 - src.simple_token_scanner - INFO - [DATA] Token 7dHbWXmc... price: 1.212064 SOL
2025-07-03 12:25:04,853 - src.simple_token_scanner - INFO - [DATA] Token EPjFWdd5... price: 6.459800 SOL
2025-07-03 12:25:04,855 - src.simple_token_scanner - INFO - [UP] High momentum detected: 85.6
2025-07-03 12:25:04,855 - src.simple_token_scanner - INFO - [SIGNAL] Simple momentum signal for EPjFWdd5...
2025-07-03 12:25:04,856 - src.simple_token_scanner - INFO - [DATA] Found potential opportunity: EPjFWdd5...
2025-07-03 12:25:04,857 - src.trading.strategy - INFO - [DATA] Scanner returned 1 tokens
2025-07-03 12:25:04,857 - src.trading.strategy - INFO - [TARGET] Processing dict token: EPjFWdd5...
2025-07-03 12:25:04,858 - src.trading.strategy - INFO - [OK] Token EPjFWdd5... passed validation - analyzing signal...
2025-07-03 12:25:04,859 - src.trading.strategy - INFO - [SIGNAL] Strong signal found for EPjFWdd5... - calculating risk...
2025-07-03 12:25:04,860 - src.trading.strategy - INFO - [ERROR] Invalid position size for EPjFWdd5...: 0
2025-07-03 12:25:04,861 - src.trading.strategy - INFO - [OK] Opportunity scan completed
2025-07-03 12:25:56,663 - src.trading.alert - INFO - threshold_breach: portfolio_value threshold breached
2025-07-03 12:26:05,729 - src.trading.alert - INFO - regime_change: Market regime changed to uncertain
2025-07-03 12:26:05,731 - src.trading.strategy - INFO - [SCAN] Starting opportunity scan...
2025-07-03 12:26:05,732 - src.simple_token_scanner - INFO - [SCAN] Scanning for new listings (simplified)
2025-07-03 12:26:05,733 - src.simple_token_scanner - INFO - [SCAN] Scan #9 - Checking 11 tokens
2025-07-03 12:26:07,162 - src.simple_token_scanner - INFO - [DATA] Token DezXAZ8z... price: 0.001082 SOL
2025-07-03 12:26:08,350 - src.simple_token_scanner - INFO - [DATA] Token 7dHbWXmc... price: 1.212064 SOL
2025-07-03 12:26:09,633 - src.simple_token_scanner - INFO - [DATA] Token EPjFWdd5... price: 6.461895 SOL
2025-07-03 12:26:10,906 - src.simple_token_scanner - INFO - [DATA] Token 9n4nbM75... price: 160.711964 SOL
2025-07-03 12:26:12,489 - src.simple_token_scanner - INFO - [DATA] Token 7vfCXTUX... price: 167.553757 SOL
2025-07-03 12:26:12,492 - src.simple_token_scanner - INFO - [UP] High momentum detected: 97.5
2025-07-03 12:26:12,494 - src.simple_token_scanner - INFO - [SIGNAL] Simple momentum signal for 7vfCXTUX...
2025-07-03 12:26:12,495 - src.simple_token_scanner - INFO - [DATA] Found potential opportunity: 7vfCXTUX...
2025-07-03 12:26:12,497 - src.trading.strategy - INFO - [DATA] Scanner returned 1 tokens
2025-07-03 12:26:12,498 - src.trading.strategy - INFO - [TARGET] Processing dict token: 7vfCXTUX...
2025-07-03 12:26:12,500 - src.trading.strategy - INFO - [OK] Token 7vfCXTUX... passed validation - analyzing signal...
2025-07-03 12:26:12,501 - src.trading.strategy - INFO - [SIGNAL] Strong signal found for 7vfCXTUX... - calculating risk...
2025-07-03 12:26:12,503 - src.trading.strategy - INFO - [ERROR] Invalid position size for 7vfCXTUX...: 0
2025-07-03 12:26:12,504 - src.trading.strategy - INFO - [OK] Opportunity scan completed
2025-07-03 12:26:56,678 - src.trading.alert - INFO - threshold_breach: portfolio_value threshold breached
2025-07-03 12:27:13,314 - src.trading.alert - INFO - regime_change: Market regime changed to uncertain
2025-07-03 12:27:13,315 - src.trading.strategy - INFO - [SCAN] Starting opportunity scan...
2025-07-03 12:27:13,316 - src.simple_token_scanner - INFO - [SCAN] Scanning for new listings (simplified)
2025-07-03 12:27:13,317 - src.simple_token_scanner - INFO - [SCAN] Scan #10 - Checking 11 tokens
2025-07-03 12:27:14,747 - src.simple_token_scanner - INFO - [DATA] Token DezXAZ8z... price: 0.001082 SOL
2025-07-03 12:27:14,748 - src.simple_token_scanner - INFO - [UP] High momentum detected: 95.4
2025-07-03 12:27:14,749 - src.simple_token_scanner - INFO - [SIGNAL] Simple momentum signal for DezXAZ8z...
2025-07-03 12:27:14,750 - src.simple_token_scanner - INFO - [DATA] Found potential opportunity: DezXAZ8z...
2025-07-03 12:27:14,751 - src.trading.strategy - INFO - [DATA] Scanner returned 1 tokens
2025-07-03 12:27:14,752 - src.trading.strategy - INFO - [TARGET] Processing dict token: DezXAZ8z...
2025-07-03 12:27:14,754 - src.trading.strategy - INFO - [OK] Token DezXAZ8z... passed validation - analyzing signal...
2025-07-03 12:27:14,756 - src.trading.strategy - INFO - [SIGNAL] Strong signal found for DezXAZ8z... - calculating risk...
2025-07-03 12:27:14,757 - src.trading.strategy - INFO - [MONEY] Creating entry signal for DezXAZ8z... size: 20.0
2025-07-03 12:27:14,758 - src.trading.strategy - INFO - [DATA] Added to pending orders: DezXAZ8z...
2025-07-03 12:27:14,758 - src.trading.alert - INFO - new_opportunity: New trading opportunity detected for DezXAZ8z...
2025-07-03 12:27:14,760 - src.trading.strategy - INFO - [DATA] Opportunity alert emitted for DezXAZ8z...
2025-07-03 12:27:14,761 - src.trading.strategy - INFO - [OK] Successfully processed opportunity for DezXAZ8z...
2025-07-03 12:27:14,762 - src.trading.strategy - INFO - [OK] Opportunity scan completed
2025-07-03 12:27:56,692 - src.trading.alert - INFO - threshold_breach: portfolio_value threshold breached
2025-07-03 12:28:15,675 - src.trading.alert - INFO - regime_change: Market regime changed to uncertain
2025-07-03 12:28:15,912 - src.trading.strategy - WARNING - Price deviation too high for DezXAZ8z7PnrnRJjz3wXBoRgixCa6xjnB7YaB1pPB263: 99.98%
2025-07-03 12:28:15,912 - src.trading.strategy - INFO - [SCAN] Starting opportunity scan...
2025-07-03 12:28:15,913 - src.simple_token_scanner - INFO - [SCAN] Scanning for new listings (simplified)
2025-07-03 12:28:15,914 - src.simple_token_scanner - INFO - [SCAN] Scan #11 - Checking 11 tokens
2025-07-03 12:28:17,424 - src.simple_token_scanner - INFO - [DATA] Token DezXAZ8z... price: 0.001082 SOL
2025-07-03 12:28:18,643 - src.simple_token_scanner - INFO - [DATA] Token 7dHbWXmc... price: 1.212064 SOL
2025-07-03 12:28:19,879 - src.simple_token_scanner - INFO - [DATA] Token EPjFWdd5... price: 6.461657 SOL
2025-07-03 12:28:21,205 - src.simple_token_scanner - INFO - [DATA] Token 9n4nbM75... price: 160.711965 SOL
2025-07-03 12:28:22,742 - src.simple_token_scanner - INFO - [DATA] Token 7vfCXTUX... price: 167.536776 SOL
2025-07-03 12:28:23,979 - src.simple_token_scanner - INFO - [DATA] Token EKpQGSJt... price: 5.983597 SOL
2025-07-03 12:28:25,223 - src.simple_token_scanner - INFO - [DATA] Token HeLp6NuQ... price: 0.001064 SOL
2025-07-03 12:28:26,529 - src.simple_token_scanner - INFO - [DATA] Token A8C3xuqs... price: 0.276715 SOL
2025-07-03 12:28:26,530 - src.simple_token_scanner - INFO - [UP] High momentum detected: 86.5
2025-07-03 12:28:26,531 - src.simple_token_scanner - INFO - [SIGNAL] Simple momentum signal for A8C3xuqs...
2025-07-03 12:28:26,532 - src.simple_token_scanner - INFO - [DATA] Found potential opportunity: A8C3xuqs...
2025-07-03 12:28:26,533 - src.trading.strategy - INFO - [DATA] Scanner returned 1 tokens
2025-07-03 12:28:26,533 - src.trading.strategy - INFO - [TARGET] Processing dict token: A8C3xuqs...
2025-07-03 12:28:26,535 - src.trading.strategy - INFO - [OK] Token A8C3xuqs... passed validation - analyzing signal...
2025-07-03 12:28:26,536 - src.trading.strategy - INFO - [SIGNAL] Strong signal found for A8C3xuqs... - calculating risk...
2025-07-03 12:28:26,537 - src.trading.strategy - INFO - [ERROR] Invalid position size for A8C3xuqs...: 0
2025-07-03 12:28:26,538 - src.trading.strategy - INFO - [OK] Opportunity scan completed
2025-07-03 12:28:56,715 - src.trading.alert - INFO - threshold_breach: portfolio_value threshold breached
2025-07-03 12:29:27,258 - src.trading.alert - INFO - regime_change: Market regime changed to uncertain
2025-07-03 12:29:27,260 - src.trading.strategy - INFO - [SCAN] Starting opportunity scan...
2025-07-03 12:29:27,261 - src.simple_token_scanner - INFO - [SCAN] Scanning for new listings (simplified)
2025-07-03 12:29:27,262 - src.simple_token_scanner - INFO - [SCAN] Scan #12 - Checking 11 tokens
2025-07-03 12:29:28,891 - src.simple_token_scanner - INFO - [DATA] Token DezXAZ8z... price: 0.001083 SOL
2025-07-03 12:29:30,090 - src.simple_token_scanner - INFO - [DATA] Token 7dHbWXmc... price: 1.212064 SOL
2025-07-03 12:29:31,348 - src.simple_token_scanner - INFO - [DATA] Token EPjFWdd5... price: 6.466908 SOL
2025-07-03 12:29:32,637 - src.simple_token_scanner - INFO - [DATA] Token 9n4nbM75... price: 160.711984 SOL
2025-07-03 12:29:34,625 - src.simple_token_scanner - INFO - [DATA] Token 7vfCXTUX... price: 167.613855 SOL
2025-07-03 12:29:35,854 - src.simple_token_scanner - INFO - [DATA] Token EKpQGSJt... price: 5.977558 SOL
2025-07-03 12:29:37,081 - src.simple_token_scanner - INFO - [DATA] Token HeLp6NuQ... price: 0.001064 SOL
2025-07-03 12:29:38,321 - src.simple_token_scanner - INFO - [DATA] Token A8C3xuqs... price: 0.276476 SOL
2025-07-03 12:29:41,555 - src.simple_token_scanner - INFO - [DATA] Token 3NZ9JMVB... price: 7074.266816 SOL
2025-07-03 12:29:42,553 - src.simple_token_scanner - INFO - [OK] Scan complete - no signals found
2025-07-03 12:29:42,554 - src.trading.strategy - INFO - [DATA] Scanner returned 0 tokens
2025-07-03 12:29:42,555 - src.trading.strategy - INFO - [OK] Opportunity scan completed
2025-07-03 12:29:56,718 - src.trading.alert - INFO - threshold_breach: portfolio_value threshold breached
2025-07-03 12:30:43,344 - src.trading.alert - INFO - regime_change: Market regime changed to uncertain
2025-07-03 12:30:43,345 - src.trading.strategy - INFO - [SCAN] Starting opportunity scan...
2025-07-03 12:30:43,346 - src.simple_token_scanner - INFO - [SCAN] Scanning for new listings (simplified)
2025-07-03 12:30:43,348 - src.simple_token_scanner - INFO - [SCAN] Scan #13 - Checking 11 tokens
2025-07-03 12:30:44,857 - src.simple_token_scanner - INFO - [DATA] Token DezXAZ8z... price: 0.001080 SOL
2025-07-03 12:30:46,123 - src.simple_token_scanner - INFO - [DATA] Token 7dHbWXmc... price: 1.212067 SOL
2025-07-03 12:30:47,360 - src.simple_token_scanner - INFO - [DATA] Token EPjFWdd5... price: 6.473050 SOL
2025-07-03 12:30:48,668 - src.simple_token_scanner - INFO - [DATA] Token 9n4nbM75... price: 160.712286 SOL
2025-07-03 12:30:48,669 - src.simple_token_scanner - INFO - [UP] High momentum detected: 97.0
2025-07-03 12:30:48,670 - src.simple_token_scanner - INFO - [SIGNAL] Simple momentum signal for 9n4nbM75...
2025-07-03 12:30:48,671 - src.simple_token_scanner - INFO - [DATA] Found potential opportunity: 9n4nbM75...
2025-07-03 12:30:48,671 - src.trading.strategy - INFO - [DATA] Scanner returned 1 tokens
2025-07-03 12:30:48,673 - src.trading.strategy - INFO - [TARGET] Processing dict token: 9n4nbM75...
2025-07-03 12:30:48,673 - src.trading.strategy - INFO - [OK] Token 9n4nbM75... passed validation - analyzing signal...
2025-07-03 12:30:48,675 - src.trading.strategy - INFO - [SIGNAL] Strong signal found for 9n4nbM75... - calculating risk...
2025-07-03 12:30:48,676 - src.trading.strategy - INFO - [ERROR] Invalid position size for 9n4nbM75...: 0
2025-07-03 12:30:48,676 - src.trading.strategy - INFO - [OK] Opportunity scan completed
2025-07-03 12:30:56,729 - src.trading.alert - INFO - threshold_breach: portfolio_value threshold breached
2025-07-03 12:31:49,399 - src.trading.alert - INFO - regime_change: Market regime changed to uncertain
2025-07-03 12:31:49,400 - src.trading.strategy - INFO - [SCAN] Starting opportunity scan...
2025-07-03 12:31:49,401 - src.simple_token_scanner - INFO - [SCAN] Scanning for new listings (simplified)
2025-07-03 12:31:49,403 - src.simple_token_scanner - INFO - [SCAN] Scan #14 - Checking 11 tokens
2025-07-03 12:31:50,918 - src.simple_token_scanner - INFO - [DATA] Token DezXAZ8z... price: 0.001081 SOL
2025-07-03 12:31:52,107 - src.simple_token_scanner - INFO - [DATA] Token 7dHbWXmc... price: 1.212067 SOL
2025-07-03 12:31:53,360 - src.simple_token_scanner - INFO - [DATA] Token EPjFWdd5... price: 6.474050 SOL
2025-07-03 12:31:53,362 - src.simple_token_scanner - INFO - [UP] High momentum detected: 93.8
2025-07-03 12:31:53,363 - src.simple_token_scanner - INFO - [SIGNAL] Simple momentum signal for EPjFWdd5...
2025-07-03 12:31:53,363 - src.simple_token_scanner - INFO - [DATA] Found potential opportunity: EPjFWdd5...
2025-07-03 12:31:53,364 - src.trading.strategy - INFO - [DATA] Scanner returned 1 tokens
2025-07-03 12:31:53,365 - src.trading.strategy - INFO - [TARGET] Processing dict token: EPjFWdd5...
2025-07-03 12:31:53,367 - src.trading.strategy - INFO - [OK] Token EPjFWdd5... passed validation - analyzing signal...
2025-07-03 12:31:53,368 - src.trading.strategy - INFO - [SIGNAL] Strong signal found for EPjFWdd5... - calculating risk...
2025-07-03 12:31:53,369 - src.trading.strategy - INFO - [ERROR] Invalid position size for EPjFWdd5...: 0
2025-07-03 12:31:53,370 - src.trading.strategy - INFO - [OK] Opportunity scan completed
2025-07-03 12:31:56,740 - src.trading.alert - INFO - threshold_breach: portfolio_value threshold breached
2025-07-03 12:32:53,997 - src.trading.alert - INFO - regime_change: Market regime changed to uncertain
2025-07-03 12:32:53,998 - src.trading.strategy - INFO - [SCAN] Starting opportunity scan...
2025-07-03 12:32:53,998 - src.simple_token_scanner - INFO - [SCAN] Scanning for new listings (simplified)
2025-07-03 12:32:53,999 - src.simple_token_scanner - INFO - [SCAN] Scan #15 - Checking 11 tokens
2025-07-03 12:32:55,404 - src.simple_token_scanner - INFO - [DATA] Token DezXAZ8z... price: 0.001080 SOL
2025-07-03 12:32:56,608 - src.simple_token_scanner - INFO - [DATA] Token 7dHbWXmc... price: 1.212067 SOL
2025-07-03 12:32:56,766 - src.trading.alert - INFO - threshold_breach: portfolio_value threshold breached
2025-07-03 12:32:57,864 - src.simple_token_scanner - INFO - [DATA] Token EPjFWdd5... price: 6.475288 SOL
2025-07-03 12:32:59,184 - src.simple_token_scanner - INFO - [DATA] Token 9n4nbM75... price: 160.712335 SOL
2025-07-03 12:32:59,185 - src.simple_token_scanner - INFO - [UP] High momentum detected: 85.8
2025-07-03 12:32:59,185 - src.simple_token_scanner - INFO - [SIGNAL] Simple momentum signal for 9n4nbM75...
2025-07-03 12:32:59,185 - src.simple_token_scanner - INFO - [DATA] Found potential opportunity: 9n4nbM75...
2025-07-03 12:32:59,185 - src.trading.strategy - INFO - [DATA] Scanner returned 1 tokens
2025-07-03 12:32:59,185 - src.trading.strategy - INFO - [TARGET] Processing dict token: 9n4nbM75...
2025-07-03 12:32:59,190 - src.trading.strategy - INFO - [OK] Token 9n4nbM75... passed validation - analyzing signal...
2025-07-03 12:32:59,191 - src.trading.strategy - INFO - [SIGNAL] Strong signal found for 9n4nbM75... - calculating risk...
2025-07-03 12:32:59,192 - src.trading.strategy - INFO - [ERROR] Invalid position size for 9n4nbM75...: 0
2025-07-03 12:32:59,193 - src.trading.strategy - INFO - [OK] Opportunity scan completed
2025-07-03 12:33:56,773 - src.trading.alert - INFO - threshold_breach: portfolio_value threshold breached
2025-07-03 12:33:59,941 - src.trading.alert - INFO - regime_change: Market regime changed to uncertain
2025-07-03 12:33:59,942 - src.trading.strategy - INFO - [SCAN] Starting opportunity scan...
2025-07-03 12:33:59,943 - src.simple_token_scanner - INFO - [SCAN] Scanning for new listings (simplified)
2025-07-03 12:33:59,944 - src.simple_token_scanner - INFO - [SCAN] Scan #16 - Checking 11 tokens
2025-07-03 12:34:01,517 - src.simple_token_scanner - INFO - [DATA] Token DezXAZ8z... price: 0.001081 SOL
2025-07-03 12:34:01,520 - src.simple_token_scanner - INFO - [UP] High momentum detected: 85.8
2025-07-03 12:34:01,521 - src.simple_token_scanner - INFO - [SIGNAL] Simple momentum signal for DezXAZ8z...
2025-07-03 12:34:01,522 - src.simple_token_scanner - INFO - [DATA] Found potential opportunity: DezXAZ8z...
2025-07-03 12:34:01,522 - src.trading.strategy - INFO - [DATA] Scanner returned 1 tokens
2025-07-03 12:34:01,523 - src.trading.strategy - INFO - [TARGET] Processing dict token: DezXAZ8z...
2025-07-03 12:34:01,524 - src.trading.strategy - INFO - [OK] Token DezXAZ8z... passed validation - analyzing signal...
2025-07-03 12:34:01,525 - src.trading.strategy - INFO - [SIGNAL] Strong signal found for DezXAZ8z... - calculating risk...
2025-07-03 12:34:01,526 - src.trading.strategy - INFO - [MONEY] Creating entry signal for DezXAZ8z... size: 20.0
2025-07-03 12:34:01,527 - src.trading.strategy - INFO - [DATA] Added to pending orders: DezXAZ8z...
2025-07-03 12:34:01,528 - src.trading.alert - INFO - new_opportunity: New trading opportunity detected for DezXAZ8z...
2025-07-03 12:34:01,529 - src.trading.strategy - INFO - [DATA] Opportunity alert emitted for DezXAZ8z...
2025-07-03 12:34:01,530 - src.trading.strategy - INFO - [OK] Successfully processed opportunity for DezXAZ8z...
2025-07-03 12:34:01,531 - src.trading.strategy - INFO - [OK] Opportunity scan completed
2025-07-03 14:05:27,453 - src.trading.alert - INFO - threshold_breach: portfolio_value threshold breached
2025-07-03 14:05:27,485 - src.trading.alert - INFO - regime_change: Market regime changed to uncertain
2025-07-03 14:05:27,493 - src.trading.strategy - INFO - [SCAN] Starting opportunity scan...
2025-07-03 14:05:27,493 - src.simple_token_scanner - INFO - [SCAN] Scanning for new listings (simplified)
2025-07-03 14:05:27,493 - src.simple_token_scanner - INFO - [SCAN] Scan #17 - Checking 11 tokens
2025-07-03 14:05:32,825 - src.simple_token_scanner - INFO - [DATA] Token 9n4nbM75... price: 161.933545 SOL
2025-07-03 14:05:34,499 - src.simple_token_scanner - INFO - [DATA] Token 7vfCXTUX... price: 169.146721 SOL
2025-07-03 14:05:35,711 - src.simple_token_scanner - INFO - [DATA] Token EKpQGSJt... price: 6.034137 SOL
2025-07-03 14:05:37,109 - src.simple_token_scanner - INFO - [DATA] Token HeLp6NuQ... price: 0.001080 SOL
2025-07-03 14:05:38,304 - src.simple_token_scanner - INFO - [DATA] Token A8C3xuqs... price: 0.273738 SOL
2025-07-03 14:05:41,579 - src.simple_token_scanner - INFO - [DATA] Token 3NZ9JMVB... price: 7111.043800 SOL
2025-07-03 14:05:42,581 - src.simple_token_scanner - INFO - [OK] Scan complete - no signals found
2025-07-03 14:05:42,581 - src.trading.strategy - INFO - [DATA] Scanner returned 0 tokens
2025-07-03 14:05:42,581 - src.trading.strategy - INFO - [OK] Opportunity scan completed
2025-07-03 14:06:27,457 - src.trading.alert - INFO - threshold_breach: portfolio_value threshold breached
2025-07-03 14:06:43,327 - src.trading.alert - INFO - regime_change: Market regime changed to uncertain
2025-07-03 14:06:43,572 - src.trading.strategy - WARNING - Price deviation too high for DezXAZ8z7PnrnRJjz3wXBoRgixCa6xjnB7YaB1pPB263: 99.98%
2025-07-03 14:06:43,581 - src.trading.strategy - INFO - [SCAN] Starting opportunity scan...
2025-07-03 14:06:43,582 - src.simple_token_scanner - INFO - [SCAN] Scanning for new listings (simplified)
2025-07-03 14:06:43,582 - src.simple_token_scanner - INFO - [SCAN] Scan #18 - Checking 11 tokens
2025-07-03 14:06:45,023 - src.simple_token_scanner - INFO - [DATA] Token DezXAZ8z... price: 0.001087 SOL
2025-07-03 14:06:46,395 - src.simple_token_scanner - INFO - [DATA] Token 7dHbWXmc... price: 1.212154 SOL
2025-07-03 14:06:47,711 - src.simple_token_scanner - INFO - [DATA] Token EPjFWdd5... price: 6.525405 SOL
2025-07-03 14:06:49,052 - src.simple_token_scanner - INFO - [DATA] Token 9n4nbM75... price: 161.933473 SOL
2025-07-03 14:06:50,765 - src.simple_token_scanner - INFO - [DATA] Token 7vfCXTUX... price: 169.155798 SOL
2025-07-03 14:06:51,980 - src.simple_token_scanner - INFO - [DATA] Token EKpQGSJt... price: 6.026484 SOL
2025-07-03 14:06:53,280 - src.simple_token_scanner - INFO - [DATA] Token HeLp6NuQ... price: 0.001080 SOL
2025-07-03 14:06:54,491 - src.simple_token_scanner - INFO - [DATA] Token A8C3xuqs... price: 0.273738 SOL
2025-07-03 14:06:57,515 - src.simple_token_scanner - INFO - [DATA] Token 3NZ9JMVB... price: 7112.768776 SOL
2025-07-03 14:06:58,532 - src.simple_token_scanner - INFO - [OK] Scan complete - no signals found
2025-07-03 14:06:58,532 - src.trading.strategy - INFO - [DATA] Scanner returned 0 tokens
2025-07-03 14:06:58,553 - src.trading.strategy - INFO - [OK] Opportunity scan completed
2025-07-03 14:07:27,470 - src.trading.alert - INFO - threshold_breach: portfolio_value threshold breached
2025-07-03 14:08:00,240 - src.trading.alert - INFO - regime_change: Market regime changed to uncertain
2025-07-03 14:08:00,241 - src.trading.strategy - INFO - [SCAN] Starting opportunity scan...
2025-07-03 14:08:00,241 - src.simple_token_scanner - INFO - [SCAN] Scanning for new listings (simplified)
2025-07-03 14:08:00,242 - src.simple_token_scanner - INFO - [SCAN] Scan #19 - Checking 11 tokens
2025-07-03 14:08:01,716 - src.simple_token_scanner - INFO - [DATA] Token DezXAZ8z... price: 0.001086 SOL
2025-07-03 14:08:03,022 - src.simple_token_scanner - INFO - [DATA] Token 7dHbWXmc... price: 1.212154 SOL
2025-07-03 14:08:04,387 - src.simple_token_scanner - INFO - [DATA] Token EPjFWdd5... price: 6.526870 SOL
2025-07-03 14:08:05,803 - src.simple_token_scanner - INFO - [DATA] Token 9n4nbM75... price: 162.015602 SOL
2025-07-03 14:08:07,547 - src.simple_token_scanner - INFO - [DATA] Token 7vfCXTUX... price: 169.126120 SOL
2025-07-03 14:08:08,751 - src.simple_token_scanner - INFO - [DATA] Token EKpQGSJt... price: 6.026277 SOL
2025-07-03 14:08:09,967 - src.simple_token_scanner - INFO - [DATA] Token HeLp6NuQ... price: 0.001080 SOL
2025-07-03 14:08:09,967 - src.simple_token_scanner - INFO - [UP] High momentum detected: 81.9
2025-07-03 14:08:09,967 - src.simple_token_scanner - INFO - [SIGNAL] Simple momentum signal for HeLp6NuQ...
2025-07-03 14:08:09,967 - src.simple_token_scanner - INFO - [DATA] Found potential opportunity: HeLp6NuQ...
2025-07-03 14:08:09,967 - src.trading.strategy - INFO - [DATA] Scanner returned 1 tokens
2025-07-03 14:08:09,967 - src.trading.strategy - INFO - [TARGET] Processing dict token: HeLp6NuQ...
2025-07-03 14:08:09,967 - src.trading.strategy - INFO - [OK] Token HeLp6NuQ... passed validation - analyzing signal...
2025-07-03 14:08:09,967 - src.trading.strategy - INFO - [SIGNAL] Strong signal found for HeLp6NuQ... - calculating risk...
2025-07-03 14:08:09,967 - src.trading.strategy - INFO - [MONEY] Creating entry signal for HeLp6NuQ... size: 20.0
2025-07-03 14:08:09,982 - src.trading.strategy - INFO - [DATA] Added to pending orders: HeLp6NuQ...
2025-07-03 14:08:09,982 - src.trading.alert - INFO - new_opportunity: New trading opportunity detected for HeLp6NuQ...
2025-07-03 14:08:09,983 - src.trading.strategy - INFO - [DATA] Opportunity alert emitted for HeLp6NuQ...
2025-07-03 14:08:09,983 - src.trading.strategy - INFO - [OK] Successfully processed opportunity for HeLp6NuQ...
2025-07-03 14:08:09,984 - src.trading.strategy - INFO - [OK] Opportunity scan completed
2025-07-03 14:08:27,476 - src.trading.alert - INFO - threshold_breach: portfolio_value threshold breached
2025-07-03 14:09:10,510 - src.trading.alert - INFO - regime_change: Market regime changed to uncertain
2025-07-03 14:09:10,757 - src.trading.strategy - WARNING - Price deviation too high for HeLp6NuQkmYB4pYWo2zYs22mESHXPQYzXbB8n4V98jwC: 99.98%
2025-07-03 14:09:10,757 - src.trading.strategy - INFO - [SCAN] Starting opportunity scan...
2025-07-03 14:09:10,757 - src.simple_token_scanner - INFO - [SCAN] Scanning for new listings (simplified)
2025-07-03 14:09:10,757 - src.simple_token_scanner - INFO - [SCAN] Scan #20 - Checking 11 tokens
2025-07-03 14:09:12,217 - src.simple_token_scanner - INFO - [DATA] Token DezXAZ8z... price: 0.001087 SOL
2025-07-03 14:09:12,217 - src.simple_token_scanner - INFO - [UP] High momentum detected: 82.4
2025-07-03 14:09:12,218 - src.simple_token_scanner - INFO - [SIGNAL] Simple momentum signal for DezXAZ8z...
2025-07-03 14:09:12,219 - src.simple_token_scanner - INFO - [DATA] Found potential opportunity: DezXAZ8z...
2025-07-03 14:09:12,220 - src.trading.strategy - INFO - [DATA] Scanner returned 1 tokens
2025-07-03 14:09:12,220 - src.trading.strategy - INFO - [TARGET] Processing dict token: DezXAZ8z...
2025-07-03 14:09:12,221 - src.trading.strategy - INFO - [OK] Token DezXAZ8z... passed validation - analyzing signal...
2025-07-03 14:09:12,221 - src.trading.strategy - INFO - [SIGNAL] Strong signal found for DezXAZ8z... - calculating risk...
2025-07-03 14:09:12,222 - src.trading.strategy - INFO - [MONEY] Creating entry signal for DezXAZ8z... size: 20.0
2025-07-03 14:09:12,223 - src.trading.strategy - INFO - [DATA] Added to pending orders: DezXAZ8z...
2025-07-03 14:09:12,224 - src.trading.alert - INFO - new_opportunity: New trading opportunity detected for DezXAZ8z...
2025-07-03 14:09:12,224 - src.trading.strategy - INFO - [DATA] Opportunity alert emitted for DezXAZ8z...
2025-07-03 14:09:12,225 - src.trading.strategy - INFO - [OK] Successfully processed opportunity for DezXAZ8z...
2025-07-03 14:09:12,225 - src.trading.strategy - INFO - [OK] Opportunity scan completed
2025-07-03 14:09:27,474 - src.trading.alert - INFO - threshold_breach: portfolio_value threshold breached
2025-07-03 14:10:12,354 - src.trading.alert - INFO - regime_change: Market regime changed to uncertain
2025-07-03 14:10:12,354 - src.trading.strategy - INFO - [SCAN] Starting opportunity scan...
2025-07-03 14:10:12,354 - src.simple_token_scanner - INFO - [SCAN] Scanning for new listings (simplified)
2025-07-03 14:10:12,354 - src.simple_token_scanner - INFO - [SCAN] Scan #21 - Checking 11 tokens
2025-07-03 14:10:23,660 - src.simple_token_scanner - INFO - [OK] Scan complete - no signals found
2025-07-03 14:10:23,660 - src.trading.strategy - INFO - [DATA] Scanner returned 0 tokens
2025-07-03 14:10:23,660 - src.trading.strategy - INFO - [OK] Opportunity scan completed
2025-07-03 14:10:27,490 - src.trading.alert - INFO - threshold_breach: portfolio_value threshold breached
2025-07-03 14:11:24,421 - src.trading.alert - INFO - regime_change: Market regime changed to uncertain
2025-07-03 14:11:24,659 - src.trading.strategy - WARNING - Price deviation too high for DezXAZ8z7PnrnRJjz3wXBoRgixCa6xjnB7YaB1pPB263: 99.98%
2025-07-03 14:11:24,660 - src.trading.strategy - INFO - [SCAN] Starting opportunity scan...
2025-07-03 14:11:24,661 - src.simple_token_scanner - INFO - [SCAN] Scanning for new listings (simplified)
2025-07-03 14:11:24,663 - src.simple_token_scanner - INFO - [SCAN] Scan #22 - Checking 11 tokens
2025-07-03 14:11:26,152 - src.simple_token_scanner - INFO - [DATA] Token DezXAZ8z... price: 0.001087 SOL
2025-07-03 14:11:27,507 - src.trading.alert - INFO - threshold_breach: portfolio_value threshold breached
2025-07-03 14:11:27,585 - src.simple_token_scanner - INFO - [DATA] Token 7dHbWXmc... price: 1.212154 SOL
2025-07-03 14:11:28,923 - src.simple_token_scanner - INFO - [DATA] Token EPjFWdd5... price: 6.536711 SOL
2025-07-03 14:11:30,201 - src.simple_token_scanner - INFO - [DATA] Token 9n4nbM75... price: 162.015640 SOL
2025-07-03 14:11:31,728 - src.simple_token_scanner - INFO - [DATA] Token 7vfCXTUX... price: 169.237369 SOL
2025-07-03 14:11:32,943 - src.simple_token_scanner - INFO - [DATA] Token EKpQGSJt... price: 6.035499 SOL
2025-07-03 14:11:34,188 - src.simple_token_scanner - INFO - [DATA] Token HeLp6NuQ... price: 0.001082 SOL
2025-07-03 14:11:34,189 - src.simple_token_scanner - INFO - [UP] High momentum detected: 89.9
2025-07-03 14:11:34,190 - src.simple_token_scanner - INFO - [SIGNAL] Simple momentum signal for HeLp6NuQ...
2025-07-03 14:11:34,190 - src.simple_token_scanner - INFO - [DATA] Found potential opportunity: HeLp6NuQ...
2025-07-03 14:11:34,191 - src.trading.strategy - INFO - [DATA] Scanner returned 1 tokens
2025-07-03 14:11:34,192 - src.trading.strategy - INFO - [TARGET] Processing dict token: HeLp6NuQ...
2025-07-03 14:11:34,193 - src.trading.strategy - INFO - [OK] Token HeLp6NuQ... passed validation - analyzing signal...
2025-07-03 14:11:34,194 - src.trading.strategy - INFO - [SIGNAL] Strong signal found for HeLp6NuQ... - calculating risk...
2025-07-03 14:11:34,194 - src.trading.strategy - INFO - [MONEY] Creating entry signal for HeLp6NuQ... size: 20.0
2025-07-03 14:11:34,196 - src.trading.strategy - INFO - [DATA] Added to pending orders: HeLp6NuQ...
2025-07-03 14:11:34,196 - src.trading.alert - INFO - new_opportunity: New trading opportunity detected for HeLp6NuQ...
2025-07-03 14:11:34,197 - src.trading.strategy - INFO - [DATA] Opportunity alert emitted for HeLp6NuQ...
2025-07-03 14:11:34,198 - src.trading.strategy - INFO - [OK] Successfully processed opportunity for HeLp6NuQ...
2025-07-03 14:11:34,199 - src.trading.strategy - INFO - [OK] Opportunity scan completed
2025-07-03 14:12:27,589 - src.trading.alert - INFO - threshold_breach: portfolio_value threshold breached
2025-07-03 14:12:34,742 - src.trading.alert - INFO - regime_change: Market regime changed to uncertain
2025-07-03 14:12:35,007 - src.trading.strategy - WARNING - Price deviation too high for HeLp6NuQkmYB4pYWo2zYs22mESHXPQYzXbB8n4V98jwC: 99.98%
2025-07-03 14:12:35,008 - src.trading.strategy - INFO - [SCAN] Starting opportunity scan...
2025-07-03 14:12:35,008 - src.simple_token_scanner - INFO - [SCAN] Scanning for new listings (simplified)
2025-07-03 14:12:35,009 - src.simple_token_scanner - INFO - [SCAN] Scan #23 - Checking 11 tokens
2025-07-03 14:12:36,490 - src.simple_token_scanner - INFO - [DATA] Token DezXAZ8z... price: 0.001085 SOL
2025-07-03 14:12:37,730 - src.simple_token_scanner - INFO - [DATA] Token 7dHbWXmc... price: 1.212154 SOL
2025-07-03 14:12:37,730 - src.simple_token_scanner - INFO - [UP] High momentum detected: 97.5
2025-07-03 14:12:37,730 - src.simple_token_scanner - INFO - [SIGNAL] Simple momentum signal for 7dHbWXmc...
2025-07-03 14:12:37,730 - src.simple_token_scanner - INFO - [DATA] Found potential opportunity: 7dHbWXmc...
2025-07-03 14:12:37,730 - src.trading.strategy - INFO - [DATA] Scanner returned 1 tokens
2025-07-03 14:12:37,730 - src.trading.strategy - INFO - [TARGET] Processing dict token: 7dHbWXmc...
2025-07-03 14:12:37,730 - src.trading.strategy - INFO - [OK] Token 7dHbWXmc... passed validation - analyzing signal...
2025-07-03 14:12:37,730 - src.trading.strategy - INFO - [SIGNAL] Strong signal found for 7dHbWXmc... - calculating risk...
2025-07-03 14:12:37,730 - src.trading.strategy - INFO - [ERROR] Invalid position size for 7dHbWXmc...: 0
2025-07-03 14:12:37,730 - src.trading.strategy - INFO - [OK] Opportunity scan completed
2025-07-03 14:13:27,584 - src.trading.alert - INFO - threshold_breach: portfolio_value threshold breached
2025-07-03 14:13:38,255 - src.trading.alert - INFO - regime_change: Market regime changed to uncertain
2025-07-03 14:13:38,255 - src.trading.strategy - INFO - [SCAN] Starting opportunity scan...
2025-07-03 14:13:38,255 - src.simple_token_scanner - INFO - [SCAN] Scanning for new listings (simplified)
2025-07-03 14:13:38,255 - src.simple_token_scanner - INFO - [SCAN] Scan #24 - Checking 11 tokens
2025-07-03 14:13:39,748 - src.simple_token_scanner - INFO - [DATA] Token DezXAZ8z... price: 0.001086 SOL
2025-07-03 14:13:41,026 - src.simple_token_scanner - INFO - [DATA] Token 7dHbWXmc... price: 1.212155 SOL
2025-07-03 14:13:42,317 - src.simple_token_scanner - INFO - [DATA] Token EPjFWdd5... price: 6.529995 SOL
2025-07-03 14:13:43,796 - src.simple_token_scanner - INFO - [DATA] Token 9n4nbM75... price: 162.015650 SOL
2025-07-03 14:13:45,540 - src.simple_token_scanner - INFO - [DATA] Token 7vfCXTUX... price: 169.142821 SOL
2025-07-03 14:13:45,540 - src.simple_token_scanner - INFO - [UP] High momentum detected: 89.8
2025-07-03 14:13:45,540 - src.simple_token_scanner - INFO - [SIGNAL] Simple momentum signal for 7vfCXTUX...
2025-07-03 14:13:45,540 - src.simple_token_scanner - INFO - [DATA] Found potential opportunity: 7vfCXTUX...
2025-07-03 14:13:45,540 - src.trading.strategy - INFO - [DATA] Scanner returned 1 tokens
2025-07-03 14:13:45,540 - src.trading.strategy - INFO - [TARGET] Processing dict token: 7vfCXTUX...
2025-07-03 14:13:45,540 - src.trading.strategy - INFO - [OK] Token 7vfCXTUX... passed validation - analyzing signal...
2025-07-03 14:13:45,540 - src.trading.strategy - INFO - [SIGNAL] Strong signal found for 7vfCXTUX... - calculating risk...
2025-07-03 14:13:45,540 - src.trading.strategy - INFO - [ERROR] Invalid position size for 7vfCXTUX...: 0
2025-07-03 14:13:45,556 - src.trading.strategy - INFO - [OK] Opportunity scan completed
2025-07-03 14:14:27,600 - src.trading.alert - INFO - threshold_breach: portfolio_value threshold breached
2025-07-03 14:14:46,117 - src.trading.alert - INFO - regime_change: Market regime changed to uncertain
2025-07-03 14:14:46,118 - src.trading.strategy - INFO - [SCAN] Starting opportunity scan...
2025-07-03 14:14:46,118 - src.simple_token_scanner - INFO - [SCAN] Scanning for new listings (simplified)
2025-07-03 14:14:46,119 - src.simple_token_scanner - INFO - [SCAN] Scan #25 - Checking 11 tokens
2025-07-03 14:14:47,523 - src.simple_token_scanner - INFO - [DATA] Token DezXAZ8z... price: 0.001086 SOL
2025-07-03 14:14:48,763 - src.simple_token_scanner - INFO - [DATA] Token 7dHbWXmc... price: 1.212155 SOL
2025-07-03 14:14:50,004 - src.simple_token_scanner - INFO - [DATA] Token EPjFWdd5... price: 6.530046 SOL
2025-07-03 14:14:50,004 - src.simple_token_scanner - INFO - [UP] High momentum detected: 98.0
2025-07-03 14:14:50,004 - src.simple_token_scanner - INFO - [SIGNAL] Simple momentum signal for EPjFWdd5...
2025-07-03 14:14:50,004 - src.simple_token_scanner - INFO - [DATA] Found potential opportunity: EPjFWdd5...
2025-07-03 14:14:50,004 - src.trading.strategy - INFO - [DATA] Scanner returned 1 tokens
2025-07-03 14:14:50,004 - src.trading.strategy - INFO - [TARGET] Processing dict token: EPjFWdd5...
2025-07-03 14:14:50,004 - src.trading.strategy - INFO - [OK] Token EPjFWdd5... passed validation - analyzing signal...
2025-07-03 14:14:50,004 - src.trading.strategy - INFO - [SIGNAL] Strong signal found for EPjFWdd5... - calculating risk...
2025-07-03 14:14:50,004 - src.trading.strategy - INFO - [ERROR] Invalid position size for EPjFWdd5...: 0
2025-07-03 14:14:50,004 - src.trading.strategy - INFO - [OK] Opportunity scan completed
2025-07-03 14:15:27,601 - src.trading.alert - INFO - threshold_breach: portfolio_value threshold breached
2025-07-03 14:15:50,647 - src.trading.alert - INFO - regime_change: Market regime changed to uncertain
2025-07-03 14:15:50,648 - src.trading.strategy - INFO - [SCAN] Starting opportunity scan...
2025-07-03 14:15:50,649 - src.simple_token_scanner - INFO - [SCAN] Scanning for new listings (simplified)
2025-07-03 14:15:50,649 - src.simple_token_scanner - INFO - [SCAN] Scan #26 - Checking 11 tokens
2025-07-03 14:15:52,182 - src.simple_token_scanner - INFO - [DATA] Token DezXAZ8z... price: 0.001084 SOL
2025-07-03 14:15:52,183 - src.simple_token_scanner - INFO - [UP] High momentum detected: 95.9
2025-07-03 14:15:52,183 - src.simple_token_scanner - INFO - [SIGNAL] Simple momentum signal for DezXAZ8z...
2025-07-03 14:15:52,185 - src.simple_token_scanner - INFO - [DATA] Found potential opportunity: DezXAZ8z...
2025-07-03 14:15:52,185 - src.trading.strategy - INFO - [DATA] Scanner returned 1 tokens
2025-07-03 14:15:52,186 - src.trading.strategy - INFO - [TARGET] Processing dict token: DezXAZ8z...
2025-07-03 14:15:52,187 - src.trading.strategy - INFO - [OK] Token DezXAZ8z... passed validation - analyzing signal...
2025-07-03 14:15:52,187 - src.trading.strategy - INFO - [SIGNAL] Strong signal found for DezXAZ8z... - calculating risk...
2025-07-03 14:15:52,188 - src.trading.strategy - INFO - [MONEY] Creating entry signal for DezXAZ8z... size: 20.0
2025-07-03 14:15:52,189 - src.trading.strategy - INFO - [DATA] Added to pending orders: DezXAZ8z...
2025-07-03 14:15:52,190 - src.trading.alert - INFO - new_opportunity: New trading opportunity detected for DezXAZ8z...
2025-07-03 14:15:52,191 - src.trading.strategy - INFO - [DATA] Opportunity alert emitted for DezXAZ8z...
2025-07-03 14:15:52,191 - src.trading.strategy - INFO - [OK] Successfully processed opportunity for DezXAZ8z...
2025-07-03 14:15:52,192 - src.trading.strategy - INFO - [OK] Opportunity scan completed
2025-07-03 14:16:27,605 - src.trading.alert - INFO - threshold_breach: portfolio_value threshold breached
2025-07-03 14:16:42,200 - __main__ - INFO - [STOP] Bot shutdown requested
2025-07-03 14:16:42,200 - __main__ - INFO - [SHUTDOWN] Starting shutdown sequence...
2025-07-03 14:16:42,216 - __main__ - INFO - [CLEANUP] Starting shutdown...
2025-07-03 14:16:42,216 - src.trading.alert - INFO - paper_trading_stop: Paper trading stopped
2025-07-03 14:16:42,216 - __main__ - INFO - [OK] Trading strategy stopped
2025-07-03 14:16:42,230 - __main__ - INFO - [OK] Jupiter client closed
2025-07-03 14:16:42,539 - __main__ - INFO - [OK] Alchemy client closed
2025-07-03 14:16:42,554 - __main__ - INFO - [CLEANUP] Cancelling 1 remaining tasks...
2025-07-03 14:16:42,554 - __main__ - INFO - [OK] Shutdown complete
2025-07-03 14:16:42,554 - __main__ - INFO - [CLEANUP] Starting shutdown...
2025-07-03 14:16:42,554 - __main__ - INFO - [OK] Trading strategy stopped
2025-07-03 14:16:42,554 - __main__ - INFO - [OK] Jupiter client closed
2025-07-03 14:16:42,554 - __main__ - INFO - [OK] Alchemy client closed
2025-07-03 14:16:42,554 - __main__ - INFO - [OK] Shutdown complete
